2025-11-05 12:14:00 [restartedMain] INFO  c.e.demo.Log4jPracticeApplication-Starting Log4jPracticeApplication using Java 21.0.7 with PID 8648 (C:\Users\kirubhakaran\Documents\Coding_Practice\Java_Daily_Log-main\Log4jPractice\target\classes started by kirubhakaran in C:\Users\kirubhakaran\Documents\Coding_Practice\Java_Daily_Log-main\Log4jPractice)
2025-11-05 12:14:00 [restartedMain] DEBUG c.e.demo.Log4jPracticeApplication-Running with Spring Boot v3.5.7, Spring v6.2.12
2025-11-05 12:14:00 [restartedMain] INFO  c.e.demo.Log4jPracticeApplication-No active profile set, falling back to 1 default profile: "default"
2025-11-05 12:14:00 [restartedMain] INFO  o.s.d.r.c.RepositoryConfigurationDelegate-Bootstrapping Spring Data JPA repositories in DEFAULT mode.
2025-11-05 12:14:00 [restartedMain] INFO  o.s.d.r.c.RepositoryConfigurationDelegate-Finished Spring Data repository scanning in 10 ms. Found 1 JPA repository interface.
2025-11-05 12:14:00 [restartedMain] INFO  o.s.b.w.e.tomcat.TomcatWebServer-Tomcat initialized with port 8080 (http)
2025-11-05 12:14:00 [restartedMain] INFO  o.a.catalina.core.StandardService-Starting service [Tomcat]
2025-11-05 12:14:00 [restartedMain] INFO  o.a.catalina.core.StandardEngine-Starting Servlet engine: [Apache Tomcat/10.1.48]
2025-11-05 12:14:00 [restartedMain] INFO  o.a.c.c.C.[Tomcat].[localhost].[/]-Initializing Spring embedded WebApplicationContext
2025-11-05 12:14:00 [restartedMain] INFO  o.s.b.w.s.c.ServletWebServerApplicationContext-Root WebApplicationContext: initialization completed in 376 ms
2025-11-05 12:14:00 [restartedMain] INFO  o.s.o.j.p.SpringPersistenceUnitInfo-No LoadTimeWeaver setup: ignoring JPA class transformer
2025-11-05 12:14:00 [restartedMain] INFO  com.zaxxer.hikari.HikariDataSource-HikariPool-2 - Starting...
2025-11-05 12:14:00 [restartedMain] INFO  com.zaxxer.hikari.pool.HikariPool-HikariPool-2 - Added connection org.postgresql.jdbc.PgConnection@5ba111c
2025-11-05 12:14:00 [restartedMain] INFO  com.zaxxer.hikari.HikariDataSource-HikariPool-2 - Start completed.
2025-11-05 12:14:00 [restartedMain] INFO  o.s.o.j.LocalContainerEntityManagerFactoryBean-Initialized JPA EntityManagerFactory for persistence unit 'default'
2025-11-05 12:14:00 [restartedMain] WARN  o.s.b.a.o.j.JpaBaseConfiguration$JpaWebConfiguration-spring.jpa.open-in-view is enabled by default. Therefore, database queries may be performed during view rendering. Explicitly configure spring.jpa.open-in-view to disable this warning
2025-11-05 12:14:01 [restartedMain] INFO  o.s.b.d.a.OptionalLiveReloadServer-LiveReload server is running on port 35729
2025-11-05 12:14:01 [restartedMain] INFO  o.s.b.w.e.tomcat.TomcatWebServer-Tomcat started on port 8080 (http) with context path '/'
2025-11-05 12:14:01 [restartedMain] INFO  c.e.demo.Log4jPracticeApplication-Started Log4jPracticeApplication in 0.888 seconds (process running for 2179.976)
2025-11-05 12:14:01 [restartedMain] INFO  o.s.b.d.a.ConditionEvaluationDeltaLoggingListener-Condition evaluation unchanged
2025-11-05 12:14:15 [RMI TCP Connection(2)-127.0.0.1] INFO  o.s.b.a.SpringApplicationAdminMXBeanRegistrar$SpringApplicationAdmin-Application shutdown requested.
2025-11-05 12:14:15 [RMI TCP Connection(2)-127.0.0.1] INFO  o.s.b.w.e.tomcat.GracefulShutdown-Commencing graceful shutdown. Waiting for active requests to complete
2025-11-05 12:14:15 [tomcat-shutdown] INFO  o.s.b.w.e.tomcat.GracefulShutdown-Graceful shutdown complete
2025-11-05 12:14:15 [RMI TCP Connection(2)-127.0.0.1] INFO  o.s.o.j.LocalContainerEntityManagerFactoryBean-Closing JPA EntityManagerFactory for persistence unit 'default'
2025-11-05 12:14:15 [RMI TCP Connection(2)-127.0.0.1] INFO  com.zaxxer.hikari.HikariDataSource-HikariPool-2 - Shutdown initiated...
2025-11-05 12:14:15 [RMI TCP Connection(2)-127.0.0.1] INFO  com.zaxxer.hikari.HikariDataSource-HikariPool-2 - Shutdown completed.
2025-11-05 12:14:25 [restartedMain] INFO  c.e.demo.Log4jPracticeApplication-Starting Log4jPracticeApplication using Java 21.0.7 with PID 15600 (C:\Users\kirubhakaran\Documents\Coding_Practice\Java_Daily_Log-main\Log4jPractice\target\classes started by kirubhakaran in C:\Users\kirubhakaran\Documents\Coding_Practice\Java_Daily_Log-main\Log4jPractice)
2025-11-05 12:14:25 [restartedMain] DEBUG c.e.demo.Log4jPracticeApplication-Running with Spring Boot v3.5.7, Spring v6.2.12
2025-11-05 12:14:25 [restartedMain] INFO  c.e.demo.Log4jPracticeApplication-No active profile set, falling back to 1 default profile: "default"
2025-11-05 12:14:25 [restartedMain] INFO  o.s.b.d.e.DevToolsPropertyDefaultsPostProcessor-Devtools property defaults active! Set 'spring.devtools.add-properties' to 'false' to disable
2025-11-05 12:14:25 [restartedMain] INFO  o.s.b.d.e.DevToolsPropertyDefaultsPostProcessor-For additional web related logging consider setting the 'logging.level.web' property to 'DEBUG'
2025-11-05 12:14:26 [restartedMain] INFO  o.s.d.r.c.RepositoryConfigurationDelegate-Bootstrapping Spring Data JPA repositories in DEFAULT mode.
2025-11-05 12:14:26 [restartedMain] INFO  o.s.d.r.c.RepositoryConfigurationDelegate-Finished Spring Data repository scanning in 64 ms. Found 1 JPA repository interface.
2025-11-05 12:14:27 [restartedMain] INFO  o.s.b.w.e.tomcat.TomcatWebServer-Tomcat initialized with port 8080 (http)
2025-11-05 12:14:27 [restartedMain] INFO  o.a.catalina.core.StandardService-Starting service [Tomcat]
2025-11-05 12:14:27 [restartedMain] INFO  o.a.catalina.core.StandardEngine-Starting Servlet engine: [Apache Tomcat/10.1.48]
2025-11-05 12:14:27 [restartedMain] INFO  o.a.c.c.C.[Tomcat].[localhost].[/]-Initializing Spring embedded WebApplicationContext
2025-11-05 12:14:27 [restartedMain] INFO  o.s.b.w.s.c.ServletWebServerApplicationContext-Root WebApplicationContext: initialization completed in 1664 ms
2025-11-05 12:14:28 [restartedMain] INFO  o.s.o.j.p.SpringPersistenceUnitInfo-No LoadTimeWeaver setup: ignoring JPA class transformer
2025-11-05 12:14:28 [restartedMain] INFO  com.zaxxer.hikari.HikariDataSource-HikariPool-1 - Starting...
2025-11-05 12:14:28 [restartedMain] INFO  com.zaxxer.hikari.pool.HikariPool-HikariPool-1 - Added connection org.postgresql.jdbc.PgConnection@6698cf9d
2025-11-05 12:14:28 [restartedMain] INFO  com.zaxxer.hikari.HikariDataSource-HikariPool-1 - Start completed.
2025-11-05 12:14:29 [restartedMain] INFO  o.s.o.j.LocalContainerEntityManagerFactoryBean-Initialized JPA EntityManagerFactory for persistence unit 'default'
2025-11-05 12:14:30 [restartedMain] WARN  o.s.b.a.o.j.JpaBaseConfiguration$JpaWebConfiguration-spring.jpa.open-in-view is enabled by default. Therefore, database queries may be performed during view rendering. Explicitly configure spring.jpa.open-in-view to disable this warning
2025-11-05 12:14:30 [restartedMain] INFO  o.s.b.d.a.OptionalLiveReloadServer-LiveReload server is running on port 35729
2025-11-05 12:14:30 [restartedMain] INFO  o.s.b.w.e.tomcat.TomcatWebServer-Tomcat started on port 8080 (http) with context path '/'
2025-11-05 12:14:30 [restartedMain] INFO  c.e.demo.Log4jPracticeApplication-Started Log4jPracticeApplication in 5.613 seconds (process running for 6.495)
2025-11-05 12:15:03 [http-nio-8080-exec-1] INFO  o.a.c.c.C.[Tomcat].[localhost].[/]-Initializing Spring DispatcherServlet 'dispatcherServlet'
2025-11-05 12:15:03 [http-nio-8080-exec-1] INFO  o.s.web.servlet.DispatcherServlet-Initializing Servlet 'dispatcherServlet'
2025-11-05 12:15:03 [http-nio-8080-exec-1] INFO  o.s.web.servlet.DispatcherServlet-Completed initialization in 1 ms
2025-11-05 12:15:03 [http-nio-8080-exec-1] INFO  c.example.demo.Service.UserService-User are going to save 
2025-11-05 12:15:03 [http-nio-8080-exec-1] INFO  c.example.demo.Service.UserService-user saved
2025-11-05 12:15:58 [File Watcher] INFO  o.s.b.d.a.LocalDevToolsAutoConfiguration$RestartingClassPathChangeChangedEventListener-Restarting due to 1 class path change (0 additions, 0 deletions, 1 modification)
2025-11-05 12:15:58 [Thread-5] INFO  o.s.b.w.e.tomcat.GracefulShutdown-Commencing graceful shutdown. Waiting for active requests to complete
2025-11-05 12:15:58 [tomcat-shutdown] INFO  o.s.b.w.e.tomcat.GracefulShutdown-Graceful shutdown complete
2025-11-05 12:15:58 [Thread-5] INFO  o.s.o.j.LocalContainerEntityManagerFactoryBean-Closing JPA EntityManagerFactory for persistence unit 'default'
2025-11-05 12:15:58 [Thread-5] INFO  com.zaxxer.hikari.HikariDataSource-HikariPool-1 - Shutdown initiated...
2025-11-05 12:15:58 [Thread-5] INFO  com.zaxxer.hikari.HikariDataSource-HikariPool-1 - Shutdown completed.
2025-11-05 12:15:58 [restartedMain] INFO  c.e.demo.Log4jPracticeApplication - Starting Log4jPracticeApplication using Java 21.0.7 with PID 15600 (C:\Users\kirubhakaran\Documents\Coding_Practice\Java_Daily_Log-main\Log4jPractice\target\classes started by kirubhakaran in C:\Users\kirubhakaran\Documents\Coding_Practice\Java_Daily_Log-main\Log4jPractice)
2025-11-05 12:15:58 [restartedMain] DEBUG c.e.demo.Log4jPracticeApplication - Running with Spring Boot v3.5.7, Spring v6.2.12
2025-11-05 12:15:58 [restartedMain] INFO  c.e.demo.Log4jPracticeApplication - No active profile set, falling back to 1 default profile: "default"
2025-11-05 12:15:58 [restartedMain] INFO  o.s.d.r.c.RepositoryConfigurationDelegate - Bootstrapping Spring Data JPA repositories in DEFAULT mode.
2025-11-05 12:15:58 [restartedMain] INFO  o.s.d.r.c.RepositoryConfigurationDelegate - Finished Spring Data repository scanning in 9 ms. Found 1 JPA repository interface.
2025-11-05 12:15:58 [restartedMain] INFO  o.s.b.w.e.tomcat.TomcatWebServer - Tomcat initialized with port 8080 (http)
2025-11-05 12:15:58 [restartedMain] INFO  o.a.catalina.core.StandardService - Starting service [Tomcat]
2025-11-05 12:15:58 [restartedMain] INFO  o.a.catalina.core.StandardEngine - Starting Servlet engine: [Apache Tomcat/10.1.48]
2025-11-05 12:15:58 [restartedMain] INFO  o.a.c.c.C.[Tomcat].[localhost].[/] - Initializing Spring embedded WebApplicationContext
2025-11-05 12:15:58 [restartedMain] INFO  o.s.b.w.s.c.ServletWebServerApplicationContext - Root WebApplicationContext: initialization completed in 483 ms
2025-11-05 12:15:58 [restartedMain] INFO  o.s.o.j.p.SpringPersistenceUnitInfo - No LoadTimeWeaver setup: ignoring JPA class transformer
2025-11-05 12:15:58 [restartedMain] INFO  com.zaxxer.hikari.HikariDataSource - HikariPool-2 - Starting...
2025-11-05 12:15:59 [restartedMain] INFO  com.zaxxer.hikari.pool.HikariPool - HikariPool-2 - Added connection org.postgresql.jdbc.PgConnection@688b86c2
2025-11-05 12:15:59 [restartedMain] INFO  com.zaxxer.hikari.HikariDataSource - HikariPool-2 - Start completed.
2025-11-05 12:15:59 [restartedMain] INFO  o.s.o.j.LocalContainerEntityManagerFactoryBean - Initialized JPA EntityManagerFactory for persistence unit 'default'
2025-11-05 12:15:59 [restartedMain] WARN  o.s.b.a.o.j.JpaBaseConfiguration$JpaWebConfiguration - spring.jpa.open-in-view is enabled by default. Therefore, database queries may be performed during view rendering. Explicitly configure spring.jpa.open-in-view to disable this warning
2025-11-05 12:15:59 [restartedMain] INFO  o.s.b.d.a.OptionalLiveReloadServer - LiveReload server is running on port 35729
2025-11-05 12:15:59 [restartedMain] INFO  o.s.b.w.e.tomcat.TomcatWebServer - Tomcat started on port 8080 (http) with context path '/'
2025-11-05 12:15:59 [restartedMain] INFO  c.e.demo.Log4jPracticeApplication - Started Log4jPracticeApplication in 1.27 seconds (process running for 95.48)
2025-11-05 12:15:59 [restartedMain] INFO  o.s.b.d.a.ConditionEvaluationDeltaLoggingListener - Condition evaluation unchanged
2025-11-05 12:17:29 [File Watcher] INFO  o.s.b.d.a.LocalDevToolsAutoConfiguration$RestartingClassPathChangeChangedEventListener - Restarting due to 1 class path change (0 additions, 0 deletions, 1 modification)
2025-11-05 12:17:29 [Thread-7] INFO  o.s.b.w.e.tomcat.GracefulShutdown - Commencing graceful shutdown. Waiting for active requests to complete
2025-11-05 12:17:29 [tomcat-shutdown] INFO  o.s.b.w.e.tomcat.GracefulShutdown - Graceful shutdown complete
2025-11-05 12:17:29 [Thread-7] INFO  o.s.o.j.LocalContainerEntityManagerFactoryBean - Closing JPA EntityManagerFactory for persistence unit 'default'
2025-11-05 12:17:29 [Thread-7] INFO  com.zaxxer.hikari.HikariDataSource - HikariPool-2 - Shutdown initiated...
2025-11-05 12:17:29 [Thread-7] INFO  com.zaxxer.hikari.HikariDataSource - HikariPool-2 - Shutdown completed.
2025-11-05 12:17:29 [restartedMain] INFO  c.e.demo.Log4jPracticeApplication - Starting Log4jPracticeApplication using Java 21.0.7 with PID 15600 (C:\Users\kirubhakaran\Documents\Coding_Practice\Java_Daily_Log-main\Log4jPractice\target\classes started by kirubhakaran in C:\Users\kirubhakaran\Documents\Coding_Practice\Java_Daily_Log-main\Log4jPractice)
2025-11-05 12:17:29 [restartedMain] DEBUG c.e.demo.Log4jPracticeApplication - Running with Spring Boot v3.5.7, Spring v6.2.12
2025-11-05 12:17:29 [restartedMain] INFO  c.e.demo.Log4jPracticeApplication - No active profile set, falling back to 1 default profile: "default"
2025-11-05 12:17:29 [restartedMain] INFO  o.s.d.r.c.RepositoryConfigurationDelegate - Bootstrapping Spring Data JPA repositories in DEFAULT mode.
2025-11-05 12:17:29 [restartedMain] INFO  o.s.d.r.c.RepositoryConfigurationDelegate - Finished Spring Data repository scanning in 9 ms. Found 1 JPA repository interface.
2025-11-05 12:17:29 [restartedMain] INFO  o.s.b.w.e.tomcat.TomcatWebServer - Tomcat initialized with port 8080 (http)
2025-11-05 12:17:29 [restartedMain] INFO  o.a.catalina.core.StandardService - Starting service [Tomcat]
2025-11-05 12:17:29 [restartedMain] INFO  o.a.catalina.core.StandardEngine - Starting Servlet engine: [Apache Tomcat/10.1.48]
2025-11-05 12:17:29 [restartedMain] INFO  o.a.c.c.C.[Tomcat].[localhost].[/] - Initializing Spring embedded WebApplicationContext
2025-11-05 12:17:29 [restartedMain] INFO  o.s.b.w.s.c.ServletWebServerApplicationContext - Root WebApplicationContext: initialization completed in 321 ms
2025-11-05 12:17:29 [restartedMain] INFO  o.s.o.j.p.SpringPersistenceUnitInfo - No LoadTimeWeaver setup: ignoring JPA class transformer
2025-11-05 12:17:29 [restartedMain] INFO  com.zaxxer.hikari.HikariDataSource - HikariPool-3 - Starting...
2025-11-05 12:17:29 [restartedMain] INFO  com.zaxxer.hikari.pool.HikariPool - HikariPool-3 - Added connection org.postgresql.jdbc.PgConnection@4a3d0d2c
2025-11-05 12:17:29 [restartedMain] INFO  com.zaxxer.hikari.HikariDataSource - HikariPool-3 - Start completed.
2025-11-05 12:17:29 [restartedMain] INFO  o.s.o.j.LocalContainerEntityManagerFactoryBean - Initialized JPA EntityManagerFactory for persistence unit 'default'
2025-11-05 12:17:29 [restartedMain] WARN  o.s.b.a.o.j.JpaBaseConfiguration$JpaWebConfiguration - spring.jpa.open-in-view is enabled by default. Therefore, database queries may be performed during view rendering. Explicitly configure spring.jpa.open-in-view to disable this warning
2025-11-05 12:17:29 [restartedMain] INFO  o.s.b.d.a.OptionalLiveReloadServer - LiveReload server is running on port 35729
2025-11-05 12:17:29 [restartedMain] INFO  o.s.b.w.e.tomcat.TomcatWebServer - Tomcat started on port 8080 (http) with context path '/'
2025-11-05 12:17:29 [restartedMain] INFO  c.e.demo.Log4jPracticeApplication - Started Log4jPracticeApplication in 0.739 seconds (process running for 185.84)
2025-11-05 12:17:29 [restartedMain] INFO  o.s.b.d.a.ConditionEvaluationDeltaLoggingListener - Condition evaluation unchanged
2025-11-05 12:18:18 [File Watcher] INFO  o.s.b.d.a.LocalDevToolsAutoConfiguration$RestartingClassPathChangeChangedEventListener - Restarting due to 1 class path change (0 additions, 0 deletions, 1 modification)
2025-11-05 12:18:18 [Thread-11] INFO  o.s.b.w.e.tomcat.GracefulShutdown - Commencing graceful shutdown. Waiting for active requests to complete
2025-11-05 12:18:18 [tomcat-shutdown] INFO  o.s.b.w.e.tomcat.GracefulShutdown - Graceful shutdown complete
2025-11-05 12:18:18 [Thread-11] INFO  o.s.o.j.LocalContainerEntityManagerFactoryBean - Closing JPA EntityManagerFactory for persistence unit 'default'
2025-11-05 12:18:18 [Thread-11] INFO  com.zaxxer.hikari.HikariDataSource - HikariPool-3 - Shutdown initiated...
2025-11-05 12:18:18 [Thread-11] INFO  com.zaxxer.hikari.HikariDataSource - HikariPool-3 - Shutdown completed.
2025-11-05 12:18:18 [restartedMain] INFO  c.e.demo.Log4jPracticeApplication - Starting Log4jPracticeApplication using Java 21.0.7 with PID 15600 (C:\Users\kirubhakaran\Documents\Coding_Practice\Java_Daily_Log-main\Log4jPractice\target\classes started by kirubhakaran in C:\Users\kirubhakaran\Documents\Coding_Practice\Java_Daily_Log-main\Log4jPractice)
2025-11-05 12:18:18 [restartedMain] DEBUG c.e.demo.Log4jPracticeApplication - Running with Spring Boot v3.5.7, Spring v6.2.12
2025-11-05 12:18:18 [restartedMain] INFO  c.e.demo.Log4jPracticeApplication - No active profile set, falling back to 1 default profile: "default"
2025-11-05 12:18:18 [restartedMain] INFO  o.s.d.r.c.RepositoryConfigurationDelegate - Bootstrapping Spring Data JPA repositories in DEFAULT mode.
2025-11-05 12:18:18 [restartedMain] INFO  o.s.d.r.c.RepositoryConfigurationDelegate - Finished Spring Data repository scanning in 8 ms. Found 1 JPA repository interface.
2025-11-05 12:18:18 [restartedMain] INFO  o.s.b.w.e.tomcat.TomcatWebServer - Tomcat initialized with port 8080 (http)
2025-11-05 12:18:18 [restartedMain] INFO  o.a.catalina.core.StandardService - Starting service [Tomcat]
2025-11-05 12:18:18 [restartedMain] INFO  o.a.catalina.core.StandardEngine - Starting Servlet engine: [Apache Tomcat/10.1.48]
2025-11-05 12:18:18 [restartedMain] INFO  o.a.c.c.C.[Tomcat].[localhost].[/] - Initializing Spring embedded WebApplicationContext
2025-11-05 12:18:18 [restartedMain] INFO  o.s.b.w.s.c.ServletWebServerApplicationContext - Root WebApplicationContext: initialization completed in 304 ms
2025-11-05 12:18:18 [restartedMain] INFO  o.s.o.j.p.SpringPersistenceUnitInfo - No LoadTimeWeaver setup: ignoring JPA class transformer
2025-11-05 12:18:18 [restartedMain] INFO  com.zaxxer.hikari.HikariDataSource - HikariPool-4 - Starting...
2025-11-05 12:18:19 [restartedMain] INFO  com.zaxxer.hikari.pool.HikariPool - HikariPool-4 - Added connection org.postgresql.jdbc.PgConnection@1d273174
2025-11-05 12:18:19 [restartedMain] INFO  com.zaxxer.hikari.HikariDataSource - HikariPool-4 - Start completed.
2025-11-05 12:18:19 [restartedMain] INFO  o.s.o.j.LocalContainerEntityManagerFactoryBean - Initialized JPA EntityManagerFactory for persistence unit 'default'
2025-11-05 12:18:19 [restartedMain] WARN  o.s.b.a.o.j.JpaBaseConfiguration$JpaWebConfiguration - spring.jpa.open-in-view is enabled by default. Therefore, database queries may be performed during view rendering. Explicitly configure spring.jpa.open-in-view to disable this warning
2025-11-05 12:18:19 [restartedMain] INFO  o.s.b.d.a.OptionalLiveReloadServer - LiveReload server is running on port 35729
2025-11-05 12:18:19 [restartedMain] INFO  o.s.b.w.e.tomcat.TomcatWebServer - Tomcat started on port 8080 (http) with context path '/'
2025-11-05 12:18:19 [restartedMain] INFO  c.e.demo.Log4jPracticeApplication - Started Log4jPracticeApplication in 0.698 seconds (process running for 235.277)
2025-11-05 12:18:19 [restartedMain] INFO  o.s.b.d.a.ConditionEvaluationDeltaLoggingListener - Condition evaluation unchanged
2025-11-05 12:18:24 [File Watcher] INFO  o.s.b.d.a.LocalDevToolsAutoConfiguration$RestartingClassPathChangeChangedEventListener - Restarting due to 1 class path change (0 additions, 0 deletions, 1 modification)
2025-11-05 12:18:24 [Thread-15] INFO  o.s.b.w.e.tomcat.GracefulShutdown - Commencing graceful shutdown. Waiting for active requests to complete
2025-11-05 12:18:24 [tomcat-shutdown] INFO  o.s.b.w.e.tomcat.GracefulShutdown - Graceful shutdown complete
2025-11-05 12:18:24 [Thread-15] INFO  o.s.o.j.LocalContainerEntityManagerFactoryBean - Closing JPA EntityManagerFactory for persistence unit 'default'
2025-11-05 12:18:24 [Thread-15] INFO  com.zaxxer.hikari.HikariDataSource - HikariPool-4 - Shutdown initiated...
2025-11-05 12:18:24 [Thread-15] INFO  com.zaxxer.hikari.HikariDataSource - HikariPool-4 - Shutdown completed.
2025-11-05 12:18:24 [restartedMain] INFO  c.e.demo.Log4jPracticeApplication - Starting Log4jPracticeApplication using Java 21.0.7 with PID 15600 (C:\Users\kirubhakaran\Documents\Coding_Practice\Java_Daily_Log-main\Log4jPractice\target\classes started by kirubhakaran in C:\Users\kirubhakaran\Documents\Coding_Practice\Java_Daily_Log-main\Log4jPractice)
2025-11-05 12:18:24 [restartedMain] DEBUG c.e.demo.Log4jPracticeApplication - Running with Spring Boot v3.5.7, Spring v6.2.12
2025-11-05 12:18:24 [restartedMain] INFO  c.e.demo.Log4jPracticeApplication - No active profile set, falling back to 1 default profile: "default"
2025-11-05 12:18:25 [restartedMain] INFO  o.s.d.r.c.RepositoryConfigurationDelegate - Bootstrapping Spring Data JPA repositories in DEFAULT mode.
2025-11-05 12:18:25 [restartedMain] INFO  o.s.d.r.c.RepositoryConfigurationDelegate - Finished Spring Data repository scanning in 9 ms. Found 1 JPA repository interface.
2025-11-05 12:18:25 [restartedMain] INFO  o.s.b.w.e.tomcat.TomcatWebServer - Tomcat initialized with port 8080 (http)
2025-11-05 12:18:25 [restartedMain] INFO  o.a.catalina.core.StandardService - Starting service [Tomcat]
2025-11-05 12:18:25 [restartedMain] INFO  o.a.catalina.core.StandardEngine - Starting Servlet engine: [Apache Tomcat/10.1.48]
2025-11-05 12:18:25 [restartedMain] INFO  o.a.c.c.C.[Tomcat].[localhost].[/] - Initializing Spring embedded WebApplicationContext
2025-11-05 12:18:25 [restartedMain] INFO  o.s.b.w.s.c.ServletWebServerApplicationContext - Root WebApplicationContext: initialization completed in 307 ms
2025-11-05 12:18:25 [restartedMain] INFO  o.s.o.j.p.SpringPersistenceUnitInfo - No LoadTimeWeaver setup: ignoring JPA class transformer
2025-11-05 12:18:25 [restartedMain] INFO  com.zaxxer.hikari.HikariDataSource - HikariPool-5 - Starting...
2025-11-05 12:18:25 [restartedMain] INFO  com.zaxxer.hikari.pool.HikariPool - HikariPool-5 - Added connection org.postgresql.jdbc.PgConnection@11e5a5dd
2025-11-05 12:18:25 [restartedMain] INFO  com.zaxxer.hikari.HikariDataSource - HikariPool-5 - Start completed.
2025-11-05 12:18:25 [restartedMain] INFO  o.s.o.j.LocalContainerEntityManagerFactoryBean - Initialized JPA EntityManagerFactory for persistence unit 'default'
2025-11-05 12:18:25 [restartedMain] WARN  o.s.b.a.o.j.JpaBaseConfiguration$JpaWebConfiguration - spring.jpa.open-in-view is enabled by default. Therefore, database queries may be performed during view rendering. Explicitly configure spring.jpa.open-in-view to disable this warning
2025-11-05 12:18:25 [restartedMain] INFO  o.s.b.d.a.OptionalLiveReloadServer - LiveReload server is running on port 35729
2025-11-05 12:18:25 [restartedMain] INFO  o.s.b.w.e.tomcat.TomcatWebServer - Tomcat started on port 8080 (http) with context path '/'
2025-11-05 12:18:25 [restartedMain] INFO  c.e.demo.Log4jPracticeApplication - Started Log4jPracticeApplication in 0.842 seconds (process running for 241.745)
2025-11-05 12:18:25 [restartedMain] INFO  o.s.b.d.a.ConditionEvaluationDeltaLoggingListener - Condition evaluation unchanged
2025-11-05 12:20:39 [http-nio-8080-exec-2] INFO  o.a.c.c.C.[Tomcat].[localhost].[/] - Initializing Spring DispatcherServlet 'dispatcherServlet'
2025-11-05 12:20:39 [http-nio-8080-exec-2] INFO  o.s.web.servlet.DispatcherServlet - Initializing Servlet 'dispatcherServlet'
2025-11-05 12:20:39 [http-nio-8080-exec-2] INFO  o.s.web.servlet.DispatcherServlet - Completed initialization in 1 ms
2025-11-05 12:20:39 [http-nio-8080-exec-2] INFO  c.example.demo.Service.UserService - User are going to save 
2025-11-05 12:20:39 [http-nio-8080-exec-2] INFO  c.example.demo.Service.UserService - user saved
2025-11-05 12:20:44 [http-nio-8080-exec-4] INFO  c.example.demo.Service.UserService - Fetching all users in the users table 
2025-11-05 12:20:44 [http-nio-8080-exec-4] INFO  c.example.demo.Service.UserService - Fetched all the user and shown 
2025-11-05 12:27:26 [File Watcher] INFO  o.s.b.d.a.LocalDevToolsAutoConfiguration$RestartingClassPathChangeChangedEventListener - Restarting due to 1 class path change (0 additions, 0 deletions, 1 modification)
2025-11-05 12:27:26 [Thread-19] INFO  o.s.b.w.e.tomcat.GracefulShutdown - Commencing graceful shutdown. Waiting for active requests to complete
2025-11-05 12:27:26 [tomcat-shutdown] INFO  o.s.b.w.e.tomcat.GracefulShutdown - Graceful shutdown complete
2025-11-05 12:27:26 [Thread-19] INFO  o.s.o.j.LocalContainerEntityManagerFactoryBean - Closing JPA EntityManagerFactory for persistence unit 'default'
2025-11-05 12:27:26 [Thread-19] INFO  com.zaxxer.hikari.HikariDataSource - HikariPool-5 - Shutdown initiated...
2025-11-05 12:27:26 [Thread-19] INFO  com.zaxxer.hikari.HikariDataSource - HikariPool-5 - Shutdown completed.
2025-11-05 12:27:26 [restartedMain] INFO  c.e.demo.Log4jPracticeApplication - Starting Log4jPracticeApplication using Java 21.0.7 with PID 15600 (C:\Users\kirubhakaran\Documents\Coding_Practice\Java_Daily_Log-main\Log4jPractice\target\classes started by kirubhakaran in C:\Users\kirubhakaran\Documents\Coding_Practice\Java_Daily_Log-main\Log4jPractice)
2025-11-05 12:27:26 [restartedMain] DEBUG c.e.demo.Log4jPracticeApplication - Running with Spring Boot v3.5.7, Spring v6.2.12
2025-11-05 12:27:26 [restartedMain] INFO  c.e.demo.Log4jPracticeApplication - No active profile set, falling back to 1 default profile: "default"
2025-11-05 12:27:26 [restartedMain] INFO  o.s.d.r.c.RepositoryConfigurationDelegate - Bootstrapping Spring Data JPA repositories in DEFAULT mode.
2025-11-05 12:27:26 [restartedMain] INFO  o.s.d.r.c.RepositoryConfigurationDelegate - Finished Spring Data repository scanning in 23 ms. Found 1 JPA repository interface.
2025-11-05 12:27:26 [restartedMain] INFO  o.s.b.w.e.tomcat.TomcatWebServer - Tomcat initialized with port 8080 (http)
2025-11-05 12:27:26 [restartedMain] INFO  o.a.catalina.core.StandardService - Starting service [Tomcat]
2025-11-05 12:27:26 [restartedMain] INFO  o.a.catalina.core.StandardEngine - Starting Servlet engine: [Apache Tomcat/10.1.48]
2025-11-05 12:27:26 [restartedMain] INFO  o.a.c.c.C.[Tomcat].[localhost].[/] - Initializing Spring embedded WebApplicationContext
2025-11-05 12:27:26 [restartedMain] INFO  o.s.b.w.s.c.ServletWebServerApplicationContext - Root WebApplicationContext: initialization completed in 410 ms
2025-11-05 12:27:27 [restartedMain] INFO  o.s.o.j.p.SpringPersistenceUnitInfo - No LoadTimeWeaver setup: ignoring JPA class transformer
2025-11-05 12:27:27 [restartedMain] INFO  com.zaxxer.hikari.HikariDataSource - HikariPool-6 - Starting...
2025-11-05 12:27:27 [restartedMain] INFO  com.zaxxer.hikari.pool.HikariPool - HikariPool-6 - Added connection org.postgresql.jdbc.PgConnection@15cad1df
2025-11-05 12:27:27 [restartedMain] INFO  com.zaxxer.hikari.HikariDataSource - HikariPool-6 - Start completed.
2025-11-05 12:27:27 [restartedMain] INFO  o.s.o.j.LocalContainerEntityManagerFactoryBean - Initialized JPA EntityManagerFactory for persistence unit 'default'
2025-11-05 12:27:27 [restartedMain] WARN  o.s.b.a.o.j.JpaBaseConfiguration$JpaWebConfiguration - spring.jpa.open-in-view is enabled by default. Therefore, database queries may be performed during view rendering. Explicitly configure spring.jpa.open-in-view to disable this warning
2025-11-05 12:27:27 [restartedMain] INFO  o.s.b.d.a.OptionalLiveReloadServer - LiveReload server is running on port 35729
2025-11-05 12:27:27 [restartedMain] INFO  o.s.b.w.e.tomcat.TomcatWebServer - Tomcat started on port 8080 (http) with context path '/'
2025-11-05 12:27:27 [restartedMain] INFO  c.e.demo.Log4jPracticeApplication - Started Log4jPracticeApplication in 1.326 seconds (process running for 783.625)
2025-11-05 12:27:27 [restartedMain] INFO  o.s.b.d.a.ConditionEvaluationDeltaLoggingListener - Condition evaluation unchanged
2025-11-05 12:27:29 [RMI TCP Connection(2)-127.0.0.1] INFO  o.s.b.a.SpringApplicationAdminMXBeanRegistrar$SpringApplicationAdmin - Application shutdown requested.
2025-11-05 12:27:29 [RMI TCP Connection(2)-127.0.0.1] INFO  o.s.b.w.e.tomcat.GracefulShutdown - Commencing graceful shutdown. Waiting for active requests to complete
2025-11-05 12:27:29 [tomcat-shutdown] INFO  o.s.b.w.e.tomcat.GracefulShutdown - Graceful shutdown complete
2025-11-05 12:27:29 [RMI TCP Connection(2)-127.0.0.1] INFO  o.s.o.j.LocalContainerEntityManagerFactoryBean - Closing JPA EntityManagerFactory for persistence unit 'default'
2025-11-05 12:27:29 [RMI TCP Connection(2)-127.0.0.1] INFO  com.zaxxer.hikari.HikariDataSource - HikariPool-6 - Shutdown initiated...
2025-11-05 12:27:29 [RMI TCP Connection(2)-127.0.0.1] INFO  com.zaxxer.hikari.HikariDataSource - HikariPool-6 - Shutdown completed.
2025-11-05 12:40:50 [restartedMain] INFO  c.e.demo.Log4jPracticeApplication - Starting Log4jPracticeApplication using Java 21.0.7 with PID 2032 (C:\Users\kirubhakaran\Documents\Coding_Practice\Java_Daily_Log-main\Log4jPractice\target\classes started by kirubhakaran in C:\Users\kirubhakaran\Documents\Coding_Practice\Java_Daily_Log-main\Log4jPractice)
2025-11-05 12:40:50 [restartedMain] DEBUG c.e.demo.Log4jPracticeApplication - Running with Spring Boot v3.5.7, Spring v6.2.12
2025-11-05 12:40:50 [restartedMain] INFO  c.e.demo.Log4jPracticeApplication - No active profile set, falling back to 1 default profile: "default"
2025-11-05 12:40:50 [restartedMain] INFO  o.s.b.d.e.DevToolsPropertyDefaultsPostProcessor - Devtools property defaults active! Set 'spring.devtools.add-properties' to 'false' to disable
2025-11-05 12:40:50 [restartedMain] INFO  o.s.b.d.e.DevToolsPropertyDefaultsPostProcessor - For additional web related logging consider setting the 'logging.level.web' property to 'DEBUG'
2025-11-05 12:40:51 [restartedMain] INFO  o.s.d.r.c.RepositoryConfigurationDelegate - Bootstrapping Spring Data JPA repositories in DEFAULT mode.
2025-11-05 12:40:51 [restartedMain] INFO  o.s.d.r.c.RepositoryConfigurationDelegate - Finished Spring Data repository scanning in 90 ms. Found 1 JPA repository interface.
2025-11-05 12:40:52 [restartedMain] INFO  o.s.b.w.e.tomcat.TomcatWebServer - Tomcat initialized with port 8080 (http)
2025-11-05 12:40:52 [restartedMain] INFO  o.a.catalina.core.StandardService - Starting service [Tomcat]
2025-11-05 12:40:52 [restartedMain] INFO  o.a.catalina.core.StandardEngine - Starting Servlet engine: [Apache Tomcat/10.1.48]
2025-11-05 12:40:52 [restartedMain] INFO  o.a.c.c.C.[Tomcat].[localhost].[/] - Initializing Spring embedded WebApplicationContext
2025-11-05 12:40:52 [restartedMain] INFO  o.s.b.w.s.c.ServletWebServerApplicationContext - Root WebApplicationContext: initialization completed in 1543 ms
2025-11-05 12:40:52 [restartedMain] INFO  o.s.o.j.p.SpringPersistenceUnitInfo - No LoadTimeWeaver setup: ignoring JPA class transformer
2025-11-05 12:40:53 [restartedMain] INFO  com.zaxxer.hikari.HikariDataSource - HikariPool-1 - Starting...
2025-11-05 12:40:53 [restartedMain] INFO  com.zaxxer.hikari.pool.HikariPool - HikariPool-1 - Added connection org.postgresql.jdbc.PgConnection@75d3b2f4
2025-11-05 12:40:53 [restartedMain] INFO  com.zaxxer.hikari.HikariDataSource - HikariPool-1 - Start completed.
2025-11-05 12:40:54 [restartedMain] INFO  o.s.o.j.LocalContainerEntityManagerFactoryBean - Initialized JPA EntityManagerFactory for persistence unit 'default'
2025-11-05 12:40:54 [restartedMain] WARN  o.s.b.a.o.j.JpaBaseConfiguration$JpaWebConfiguration - spring.jpa.open-in-view is enabled by default. Therefore, database queries may be performed during view rendering. Explicitly configure spring.jpa.open-in-view to disable this warning
2025-11-05 12:40:55 [restartedMain] INFO  o.s.b.d.a.OptionalLiveReloadServer - LiveReload server is running on port 35729
2025-11-05 12:40:55 [restartedMain] INFO  o.s.b.w.e.tomcat.TomcatWebServer - Tomcat started on port 8080 (http) with context path '/'
2025-11-05 12:40:55 [restartedMain] INFO  c.e.demo.Log4jPracticeApplication - Started Log4jPracticeApplication in 5.268 seconds (process running for 6.134)
2025-11-05 12:45:44 [http-nio-8080-exec-2] INFO  o.a.c.c.C.[Tomcat].[localhost].[/] - Initializing Spring DispatcherServlet 'dispatcherServlet'
2025-11-05 12:45:44 [http-nio-8080-exec-2] INFO  o.s.web.servlet.DispatcherServlet - Initializing Servlet 'dispatcherServlet'
2025-11-05 12:45:44 [http-nio-8080-exec-2] INFO  o.s.web.servlet.DispatcherServlet - Completed initialization in 1 ms
2025-11-05 12:45:44 [http-nio-8080-exec-2] DEBUG c.example.demo.Service.UserService - users data before saving com.example.demo.pojo.User@57aece6c
2025-11-05 12:45:44 [http-nio-8080-exec-2] INFO  c.example.demo.Service.UserService - Attempting to save user...
2025-11-05 12:45:44 [http-nio-8080-exec-2] INFO  c.example.demo.Service.UserService - User saved successfully.
2025-11-05 12:46:38 [http-nio-8080-exec-3] INFO  c.example.demo.Service.UserService - Fetching all users from the database 
2025-11-05 12:46:38 [http-nio-8080-exec-3] DEBUG c.example.demo.Service.UserService - No of user affected 4 
2025-11-05 12:46:38 [http-nio-8080-exec-3] INFO  c.example.demo.Service.UserService - Fetched all the user and shown 
2025-11-05 12:50:43 [http-nio-8080-exec-6] INFO  c.example.demo.Service.UserService - Fetching all users from the database 
2025-11-05 12:50:43 [http-nio-8080-exec-6] WARN  c.example.demo.Service.UserService - No users found in the database
2025-11-05 12:50:43 [http-nio-8080-exec-6] DEBUG c.example.demo.Service.UserService - No of user affected 0 
2025-11-05 12:50:43 [http-nio-8080-exec-6] INFO  c.example.demo.Service.UserService - Fetched all the user and shown 
2025-11-05 13:27:34 [HikariPool-1:housekeeper] WARN  com.zaxxer.hikari.pool.HikariPool - HikariPool-1 - Thread starvation or clock leap detected (housekeeper delta=1m11s9ms503µs).
2025-11-05 14:09:43 [RMI TCP Connection(2)-127.0.0.1] INFO  o.s.b.a.SpringApplicationAdminMXBeanRegistrar$SpringApplicationAdmin - Application shutdown requested.
2025-11-05 14:09:43 [RMI TCP Connection(2)-127.0.0.1] INFO  o.s.b.w.e.tomcat.GracefulShutdown - Commencing graceful shutdown. Waiting for active requests to complete
2025-11-05 14:09:43 [tomcat-shutdown] INFO  o.s.b.w.e.tomcat.GracefulShutdown - Graceful shutdown complete
2025-11-05 14:09:43 [RMI TCP Connection(2)-127.0.0.1] INFO  o.s.o.j.LocalContainerEntityManagerFactoryBean - Closing JPA EntityManagerFactory for persistence unit 'default'
2025-11-05 14:09:43 [RMI TCP Connection(2)-127.0.0.1] INFO  com.zaxxer.hikari.HikariDataSource - HikariPool-1 - Shutdown initiated...
2025-11-05 14:09:43 [RMI TCP Connection(2)-127.0.0.1] INFO  com.zaxxer.hikari.HikariDataSource - HikariPool-1 - Shutdown completed.
